<?xml version="1.0" encoding="UTF-8"?>
<!-- Generated by org.testng.reporters.JUnitReportReporter -->
<testsuite hostname="LAPTOP-JUND32GT" failures="0" tests="4" name="api.testcases.UserTest" time="4.790" errors="0" timestamp="2024-08-03T22:52:32 IST" skipped="0">
  <testcase classname="api.testcases.UserTest" name="testCreateUser" time="2.109"/>
  <testcase classname="api.testcases.UserTest" name="testGetUser" time="0.700"/>
  <testcase classname="api.testcases.UserTest" name="testUpdateUser" time="1.344"/>
  <testcase classname="api.testcases.UserTest" name="testDeeleteUser" time="0.637"/>
</testsuite> <!-- api.testcases.UserTest -->
