<?xml version="1.0" encoding="UTF-8"?>
<!-- Generated by org.testng.reporters.JUnitReportReporter -->
<testsuite hostname="LAPTOP-JUND32GT" failures="0" tests="8" name="api.testcases.DataDrivenTest" time="11.204" errors="0" timestamp="2024-08-04T12:48:40 IST" skipped="0">
  <testcase classname="api.testcases.DataDrivenTest" name="testCreateUser" time="1.084"/>
  <testcase classname="api.testcases.DataDrivenTest" name="testCreateUser" time="3.365"/>
  <testcase classname="api.testcases.DataDrivenTest" name="testGetusers" time="1.193"/>
  <testcase classname="api.testcases.DataDrivenTest" name="testGetusers" time="1.081"/>
  <testcase classname="api.testcases.DataDrivenTest" name="testUpdateUsers" time="1.164"/>
  <testcase classname="api.testcases.DataDrivenTest" name="testUpdateUsers" time="1.135"/>
  <testcase classname="api.testcases.DataDrivenTest" name="testDeleteuser" time="1.056"/>
  <testcase classname="api.testcases.DataDrivenTest" name="testDeleteuser" time="1.126"/>
</testsuite> <!-- api.testcases.DataDrivenTest -->
