<?xml version="1.0" encoding="UTF-8"?>
<!-- Generated by org.testng.reporters.JUnitReportReporter -->
<testsuite hostname="LAPTOP-JUND32GT" failures="0" tests="8" name="api.testcases.DataDrivenTest" time="9.876" errors="0" timestamp="2024-08-04T21:11:56 IST" skipped="0">
  <testcase classname="api.testcases.DataDrivenTest" name="testCreateUser" time="2.291"/>
  <testcase classname="api.testcases.DataDrivenTest" name="testCreateUser" time="1.100"/>
  <testcase classname="api.testcases.DataDrivenTest" name="testGetusers" time="1.164"/>
  <testcase classname="api.testcases.DataDrivenTest" name="testGetusers" time="1.024"/>
  <testcase classname="api.testcases.DataDrivenTest" name="testUpdateUsers" time="1.058"/>
  <testcase classname="api.testcases.DataDrivenTest" name="testUpdateUsers" time="1.014"/>
  <testcase classname="api.testcases.DataDrivenTest" name="testDeleteuser" time="1.110"/>
  <testcase classname="api.testcases.DataDrivenTest" name="testDeleteuser" time="1.115"/>
</testsuite> <!-- api.testcases.DataDrivenTest -->
